  Проверка исходных файлов
  Удаленное копирование исходных файлов в "192.168.119.128"
  Проверка архитектуры
  Проверка архитектуры
  Запуск удаленной сборки.
  Компиляция исходных файлов:
  main.cpp
C:\CPP\Modul 20.11\Net_Chat\Server\Server\main.cpp(100,39): warning : comparison of integer expressions of different signedness: ‘int’ and ‘std::vector<User>::size_type’ {aka ‘long unsigned int’} [-Wsign-compare]
C:\CPP\Modul 20.11\Net_Chat\Server\Server\main.cpp(100,39): warning :   100 |                     for (int i = 0; i < users_vector.size(); ++i) // просматриваем все зарегистрированные логины
C:\CPP\Modul 20.11\Net_Chat\Server\Server\main.cpp(100,39): warning :       |                                     ~~^~~~~~~~~~~~~~~~~~~~~
C:\CPP\Modul 20.11\Net_Chat\Server\Server\main.cpp(148,39): warning : comparison of integer expressions of different signedness: ‘int’ and ‘std::vector<User>::size_type’ {aka ‘long unsigned int’} [-Wsign-compare]
C:\CPP\Modul 20.11\Net_Chat\Server\Server\main.cpp(148,39): warning :   148 |                     for (int i = 0; i < users_vector.size(); ++i) // перебираем введенные имя и пароль в векторах
C:\CPP\Modul 20.11\Net_Chat\Server\Server\main.cpp(148,39): warning :       |                                     ~~^~~~~~~~~~~~~~~~~~~~~
C:\CPP\Modul 20.11\Net_Chat\Server\Server\main.cpp(217,47): warning : comparison of integer expressions of different signedness: ‘int’ and ‘std::vector<User>::size_type’ {aka ‘long unsigned int’} [-Wsign-compare]
C:\CPP\Modul 20.11\Net_Chat\Server\Server\main.cpp(217,47): warning :   217 |                             for (int i = 0; i < users_vector.size(); ++i) // перебираем вектор User
C:\CPP\Modul 20.11\Net_Chat\Server\Server\main.cpp(217,47): warning :       |                                             ~~^~~~~~~~~~~~~~~~~~~~~
C:\CPP\Modul 20.11\Net_Chat\Server\Server\main.cpp(239,47): warning : comparison of integer expressions of different signedness: ‘int’ and ‘std::vector<User>::size_type’ {aka ‘long unsigned int’} [-Wsign-compare]
C:\CPP\Modul 20.11\Net_Chat\Server\Server\main.cpp(239,47): warning :   239 |                             for (int i = 0; i < users_vector.size(); ++i) // Отображаем на экран список зарегистрированных пользователей
C:\CPP\Modul 20.11\Net_Chat\Server\Server\main.cpp(239,47): warning :       |                                             ~~^~~~~~~~~~~~~~~~~~~~~
C:\CPP\Modul 20.11\Net_Chat\Server\Server\main.cpp(258,51): warning : comparison of integer expressions of different signedness: ‘int’ and ‘std::vector<User>::size_type’ {aka ‘long unsigned int’} [-Wsign-compare]
C:\CPP\Modul 20.11\Net_Chat\Server\Server\main.cpp(258,51): warning :   258 |                                 for (int i = 0; i < users_vector.size(); ++i) // перебираем введенное имя среди зарегистрированных пользователей
C:\CPP\Modul 20.11\Net_Chat\Server\Server\main.cpp(258,51): warning :       |                                                 ~~^~~~~~~~~~~~~~~~~~~~~
C:\CPP\Modul 20.11\Net_Chat\Server\Server\main.cpp(304,56): warning : conversion from ‘std::vector<Message>::size_type’ {aka ‘long unsigned int’} to ‘int’ may change value [-Wconversion]
C:\CPP\Modul 20.11\Net_Chat\Server\Server\main.cpp(304,56): warning :   304 |                             int j = message_vector.size();
C:\CPP\Modul 20.11\Net_Chat\Server\Server\main.cpp(304,56): warning :       |                                     ~~~~~~~~~~~~~~~~~~~^~
C:\CPP\Modul 20.11\Net_Chat\Server\Server\main.cpp(345,59): warning : comparison of integer expressions of different signedness: ‘int’ and ‘std::vector<User>::size_type’ {aka ‘long unsigned int’} [-Wsign-compare]
C:\CPP\Modul 20.11\Net_Chat\Server\Server\main.cpp(345,59): warning :   345 |                                         for (int k = 0; k < users_vector.size(); ++k) //отправляем всем сообщение
C:\CPP\Modul 20.11\Net_Chat\Server\Server\main.cpp(345,59): warning :       |                                                         ~~^~~~~~~~~~~~~~~~~~~~~
  Связывание объектов
  Server.vcxproj -> C:\CPP\Modul 20.11\Net_Chat\Server\Server\bin\x64\Debug\Server.out
